2026-04-26T22:18:23.742+03:00  INFO 83450 --- [promo_it] [main] g.academic.promo_it.PromoItApplication   : Starting PromoItApplication using Java 17.0.18 with PID 83450 (/home/michael/Documents/promo_it/build/classes/java/main started by michael in /home/michael/Documents/promo_it)
2026-04-26T22:18:23.749+03:00  INFO 83450 --- [promo_it] [main] g.academic.promo_it.PromoItApplication   : No active profile set, falling back to 1 default profile: "default"
2026-04-26T22:18:24.418+03:00  INFO 83450 --- [promo_it] [main] .s.d.r.c.RepositoryConfigurationDelegate : Bootstrapping Spring Data JDBC repositories in DEFAULT mode.
2026-04-26T22:18:24.467+03:00  INFO 83450 --- [promo_it] [main] .s.d.r.c.RepositoryConfigurationDelegate : Finished Spring Data repository scanning in 44 ms. Found 1 JDBC repository interface.
2026-04-26T22:18:24.904+03:00  INFO 83450 --- [promo_it] [main] o.s.boot.tomcat.TomcatWebServer          : Tomcat initialized with port 8080 (http)
2026-04-26T22:18:24.925+03:00  INFO 83450 --- [promo_it] [main] o.apache.catalina.core.StandardService   : Starting service [Tomcat]
2026-04-26T22:18:24.925+03:00  INFO 83450 --- [promo_it] [main] o.apache.catalina.core.StandardEngine    : Starting Servlet engine: [Apache Tomcat/11.0.21]
2026-04-26T22:18:24.979+03:00  INFO 83450 --- [promo_it] [main] b.w.c.s.WebApplicationContextInitializer : Root WebApplicationContext: initialization completed in 1121 ms
2026-04-26T22:18:25.044+03:00  INFO 83450 --- [promo_it] [main] f.a.AutowiredAnnotationBeanPostProcessor : Autowired annotation is not supported on static fields: private static boolean gift.academic.promo_it.PromoItApplication.debug
2026-04-26T22:18:25.112+03:00 DEBUG 83450 --- [promo_it] [main] o.s.jdbc.datasource.DataSourceUtils      : Fetching JDBC Connection from DataSource
2026-04-26T22:18:25.113+03:00  INFO 83450 --- [promo_it] [main] com.zaxxer.hikari.HikariDataSource       : HikariPool-1 - Starting...
2026-04-26T22:18:25.405+03:00  INFO 83450 --- [promo_it] [main] com.zaxxer.hikari.pool.HikariPool        : HikariPool-1 - Added connection org.postgresql.jdbc.PgConnection@234cd86c
2026-04-26T22:18:25.406+03:00  INFO 83450 --- [promo_it] [main] com.zaxxer.hikari.HikariDataSource       : HikariPool-1 - Start completed.
2026-04-26T22:18:25.744+03:00  WARN 83450 --- [promo_it] [main] .s.a.UserDetailsServiceAutoConfiguration : 

Using generated security password: 66078a51-ece6-4590-8821-c69ea0a1f8d9

This generated password is for development use only. Your security configuration must be updated before running your application in production.

2026-04-26T22:18:25.751+03:00  INFO 83450 --- [promo_it] [main] r$InitializeUserDetailsManagerConfigurer : Global AuthenticationManager configured with UserDetailsService bean with name inMemoryUserDetailsManager
2026-04-26T22:18:26.154+03:00  INFO 83450 --- [promo_it] [main] o.s.boot.tomcat.TomcatWebServer          : Tomcat started on port 8080 (http) with context path '/'
2026-04-26T22:18:26.160+03:00  INFO 83450 --- [promo_it] [main] g.academic.promo_it.PromoItApplication   : Started PromoItApplication in 3.087 seconds (process running for 3.581)
2026-04-26T22:19:35.607+03:00  INFO 83450 --- [promo_it] [http-nio-8080-exec-1] o.a.c.c.C.[Tomcat].[localhost].[/]       : Initializing Spring DispatcherServlet 'dispatcherServlet'
2026-04-26T22:19:35.608+03:00  INFO 83450 --- [promo_it] [http-nio-8080-exec-1] o.s.web.servlet.DispatcherServlet        : Initializing Servlet 'dispatcherServlet'
2026-04-26T22:19:35.610+03:00  INFO 83450 --- [promo_it] [http-nio-8080-exec-1] o.s.web.servlet.DispatcherServlet        : Completed initialization in 2 ms
2026-04-26T22:19:35.803+03:00 DEBUG 83450 --- [promo_it] [http-nio-8080-exec-2] o.s.jdbc.support.JdbcTransactionManager  : Creating new transaction with name [org.springframework.data.jdbc.repository.support.SimpleJdbcRepository.save]: PROPAGATION_REQUIRED,ISOLATION_DEFAULT
2026-04-26T22:19:35.804+03:00 DEBUG 83450 --- [promo_it] [http-nio-8080-exec-2] o.s.jdbc.support.JdbcTransactionManager  : Acquired Connection [HikariProxyConnection@878823014 wrapping org.postgresql.jdbc.PgConnection@234cd86c] for JDBC transaction
2026-04-26T22:19:35.805+03:00 DEBUG 83450 --- [promo_it] [http-nio-8080-exec-2] o.s.jdbc.support.JdbcTransactionManager  : Switching JDBC Connection [HikariProxyConnection@878823014 wrapping org.postgresql.jdbc.PgConnection@234cd86c] to manual commit
2026-04-26T22:19:35.858+03:00 DEBUG 83450 --- [promo_it] [http-nio-8080-exec-2] o.s.jdbc.core.JdbcTemplate               : Executing SQL update and returning generated keys
2026-04-26T22:19:35.859+03:00 DEBUG 83450 --- [promo_it] [http-nio-8080-exec-2] o.s.jdbc.core.JdbcTemplate               : Executing prepared SQL statement [INSERT INTO "application_user" ("login", "password", "role") VALUES (?, ?, ?)]
2026-04-26T22:19:35.881+03:00 DEBUG 83450 --- [promo_it] [http-nio-8080-exec-2] o.s.jdbc.support.JdbcTransactionManager  : Initiating transaction commit
2026-04-26T22:19:35.881+03:00 DEBUG 83450 --- [promo_it] [http-nio-8080-exec-2] o.s.jdbc.support.JdbcTransactionManager  : Committing JDBC transaction on Connection [HikariProxyConnection@878823014 wrapping org.postgresql.jdbc.PgConnection@234cd86c]
2026-04-26T22:19:35.886+03:00 DEBUG 83450 --- [promo_it] [http-nio-8080-exec-2] o.s.jdbc.support.JdbcTransactionManager  : Releasing JDBC Connection [HikariProxyConnection@878823014 wrapping org.postgresql.jdbc.PgConnection@234cd86c] after transaction
2026-04-26T22:19:35.886+03:00  INFO 83450 --- [promo_it] [http-nio-8080-exec-2] g.academic.promo_it.controllers.Auth     : User created Login: user123, role: ordinary
2026-04-26T22:22:48.650+03:00  INFO 83450 --- [promo_it] [SpringApplicationShutdownHook] o.s.boot.tomcat.GracefulShutdown         : Commencing graceful shutdown. Waiting for active requests to complete
2026-04-26T22:22:48.652+03:00  INFO 83450 --- [promo_it] [tomcat-shutdown] o.s.boot.tomcat.GracefulShutdown         : Graceful shutdown complete
2026-04-26T22:22:48.657+03:00  INFO 83450 --- [promo_it] [SpringApplicationShutdownHook] com.zaxxer.hikari.HikariDataSource       : HikariPool-1 - Shutdown initiated...
2026-04-26T22:22:48.671+03:00  INFO 83450 --- [promo_it] [SpringApplicationShutdownHook] com.zaxxer.hikari.HikariDataSource       : HikariPool-1 - Shutdown completed.
2026-04-26T22:22:52.124+03:00  INFO 84097 --- [promo_it] [main] g.academic.promo_it.PromoItApplication   : Starting PromoItApplication using Java 17.0.18 with PID 84097 (/home/michael/Documents/promo_it/build/classes/java/main started by michael in /home/michael/Documents/promo_it)
2026-04-26T22:22:52.129+03:00  INFO 84097 --- [promo_it] [main] g.academic.promo_it.PromoItApplication   : No active profile set, falling back to 1 default profile: "default"
2026-04-26T22:22:52.696+03:00  INFO 84097 --- [promo_it] [main] .s.d.r.c.RepositoryConfigurationDelegate : Bootstrapping Spring Data JDBC repositories in DEFAULT mode.
2026-04-26T22:22:52.754+03:00  INFO 84097 --- [promo_it] [main] .s.d.r.c.RepositoryConfigurationDelegate : Finished Spring Data repository scanning in 51 ms. Found 1 JDBC repository interface.
2026-04-26T22:22:53.176+03:00  INFO 84097 --- [promo_it] [main] o.s.boot.tomcat.TomcatWebServer          : Tomcat initialized with port 8080 (http)
2026-04-26T22:22:53.187+03:00  INFO 84097 --- [promo_it] [main] o.apache.catalina.core.StandardService   : Starting service [Tomcat]
2026-04-26T22:22:53.188+03:00  INFO 84097 --- [promo_it] [main] o.apache.catalina.core.StandardEngine    : Starting Servlet engine: [Apache Tomcat/11.0.21]
2026-04-26T22:22:53.233+03:00  INFO 84097 --- [promo_it] [main] b.w.c.s.WebApplicationContextInitializer : Root WebApplicationContext: initialization completed in 1034 ms
2026-04-26T22:22:53.296+03:00  INFO 84097 --- [promo_it] [main] f.a.AutowiredAnnotationBeanPostProcessor : Autowired annotation is not supported on static fields: private static boolean gift.academic.promo_it.PromoItApplication.debug
2026-04-26T22:22:53.362+03:00  INFO 84097 --- [promo_it] [main] com.zaxxer.hikari.HikariDataSource       : HikariPool-1 - Starting...
2026-04-26T22:22:53.630+03:00  INFO 84097 --- [promo_it] [main] com.zaxxer.hikari.pool.HikariPool        : HikariPool-1 - Added connection org.postgresql.jdbc.PgConnection@2d130ac4
2026-04-26T22:22:53.631+03:00  INFO 84097 --- [promo_it] [main] com.zaxxer.hikari.HikariDataSource       : HikariPool-1 - Start completed.
2026-04-26T22:22:53.931+03:00  WARN 84097 --- [promo_it] [main] .s.a.UserDetailsServiceAutoConfiguration : 

Using generated security password: 8b62bef7-57f8-4ee3-a537-6fb43ce42dd6

This generated password is for development use only. Your security configuration must be updated before running your application in production.

2026-04-26T22:22:53.938+03:00  INFO 84097 --- [promo_it] [main] r$InitializeUserDetailsManagerConfigurer : Global AuthenticationManager configured with UserDetailsService bean with name inMemoryUserDetailsManager
2026-04-26T22:22:54.305+03:00  INFO 84097 --- [promo_it] [main] o.s.boot.tomcat.TomcatWebServer          : Tomcat started on port 8080 (http) with context path '/'
2026-04-26T22:22:54.312+03:00  INFO 84097 --- [promo_it] [main] g.academic.promo_it.PromoItApplication   : Started PromoItApplication in 2.676 seconds (process running for 3.073)
2026-04-26T22:23:10.243+03:00  INFO 84097 --- [promo_it] [http-nio-8080-exec-1] o.a.c.c.C.[Tomcat].[localhost].[/]       : Initializing Spring DispatcherServlet 'dispatcherServlet'
2026-04-26T22:23:10.244+03:00  INFO 84097 --- [promo_it] [http-nio-8080-exec-1] o.s.web.servlet.DispatcherServlet        : Initializing Servlet 'dispatcherServlet'
2026-04-26T22:23:10.245+03:00  INFO 84097 --- [promo_it] [http-nio-8080-exec-1] o.s.web.servlet.DispatcherServlet        : Completed initialization in 1 ms
2026-04-26T22:23:10.533+03:00  INFO 84097 --- [promo_it] [http-nio-8080-exec-1] g.academic.promo_it.controllers.Auth     : User created Login: user123, role: ordinary
2026-04-26T22:24:11.421+03:00  INFO 84097 --- [promo_it] [SpringApplicationShutdownHook] o.s.boot.tomcat.GracefulShutdown         : Commencing graceful shutdown. Waiting for active requests to complete
2026-04-26T22:24:11.424+03:00  INFO 84097 --- [promo_it] [tomcat-shutdown] o.s.boot.tomcat.GracefulShutdown         : Graceful shutdown complete
2026-04-26T22:24:11.428+03:00  INFO 84097 --- [promo_it] [SpringApplicationShutdownHook] com.zaxxer.hikari.HikariDataSource       : HikariPool-1 - Shutdown initiated...
2026-04-26T22:24:11.438+03:00  INFO 84097 --- [promo_it] [SpringApplicationShutdownHook] com.zaxxer.hikari.HikariDataSource       : HikariPool-1 - Shutdown completed.
